[debug] [2021-06-06T16:22:18.104Z] ----------------------------------------------------------------------
[debug] [2021-06-06T16:22:18.106Z] Command:       C:\Program Files\nodejs\node.exe C:\Users\akrys\AppData\Roaming\npm\node_modules\firebase-tools\lib\bin\firebase.js init
[debug] [2021-06-06T16:22:18.106Z] CLI Version:   9.12.1
[debug] [2021-06-06T16:22:18.107Z] Platform:      win32
[debug] [2021-06-06T16:22:18.107Z] Node Version:  v12.16.1
[debug] [2021-06-06T16:22:18.108Z] Time:          Sun Jun 06 2021 18:22:18 GMT+0200 (GMT+02:00)
[debug] [2021-06-06T16:22:18.109Z] ----------------------------------------------------------------------
[debug] 
[debug] [2021-06-06T16:22:18.117Z] > command requires scopes: ["email","openid","https://www.googleapis.com/auth/cloudplatformprojects.readonly","https://www.googleapis.com/auth/firebase","https://www.googleapis.com/auth/cloud-platform"]
[debug] [2021-06-06T16:22:18.118Z] > authorizing via signed-in user (a.krystyna.janik@gmail.com)
[info] 
     ######## #### ########  ######## ########     ###     ######  ########
     ##        ##  ##     ## ##       ##     ##  ##   ##  ##       ##
     ######    ##  ########  ######   ########  #########  ######  ######
     ##        ##  ##    ##  ##       ##     ## ##     ##       ## ##
     ##       #### ##     ## ######## ########  ##     ##  ######  ########

You're about to initialize a Firebase project in this directory:

  C:\dev\krysia-i-michal

Before we get started, keep in mind:

  * You are currently outside your home directory
  * You are initializing in an existing Firebase project directory

[info] 
=== Project Setup
[info] 
[info] First, let's associate this project directory with a Firebase project.
[info] You can create multiple project aliases by running firebase use --add, 
[info] but for now we'll just set up a default project.
[info] 
[info] i  .firebaserc already has a default project, using k-i-m-503b6. 
[debug] [2021-06-06T16:23:21.810Z] > refreshing access token with scopes: []
[debug] [2021-06-06T16:23:21.811Z] >>> HTTP REQUEST POST https://www.googleapis.com/oauth2/v3/token  
 <request body omitted>
[debug] [2021-06-06T16:23:21.994Z] <<< HTTP RESPONSE 200 {"expires":"Mon, 01 Jan 1990 00:00:00 GMT","cache-control":"no-cache, no-store, max-age=0, must-revalidate","date":"Sun, 06 Jun 2021 16:23:21 GMT","pragma":"no-cache","content-type":"application/json; charset=utf-8","vary":"X-Origin, Referer, Origin,Accept-Encoding","server":"scaffolding on HTTPServer2","x-xss-protection":"0","x-frame-options":"SAMEORIGIN","x-content-type-options":"nosniff","alt-svc":"h3-29=\":443\"; ma=2592000,h3-T051=\":443\"; ma=2592000,h3-Q050=\":443\"; ma=2592000,h3-Q046=\":443\"; ma=2592000,h3-Q043=\":443\"; ma=2592000,quic=\":443\"; ma=2592000; v=\"46,43\"","accept-ranges":"none","transfer-encoding":"chunked"}
[debug] [2021-06-06T16:23:22.010Z] >>> [apiv2][query] GET https://firebase.googleapis.com/v1beta1/projects/k-i-m-503b6 [none]
[debug] [2021-06-06T16:23:22.293Z] <<< [apiv2][status] GET https://firebase.googleapis.com/v1beta1/projects/k-i-m-503b6 200
[debug] [2021-06-06T16:23:22.294Z] <<< [apiv2][body] GET https://firebase.googleapis.com/v1beta1/projects/k-i-m-503b6 {"projectId":"k-i-m-503b6","projectNumber":"766098408740","displayName":"K-i-M","name":"projects/k-i-m-503b6","resources":{"hostingSite":"k-i-m-503b6","storageBucket":"k-i-m-503b6.appspot.com","locationId":"europe-west"},"state":"ACTIVE"}
[info] 
=== Hosting Setup
[info] 
[info] Your public directory is the folder (relative to your project directory) that
[info] will contain Hosting assets to be uploaded with firebase deploy. If you
[info] have a build process for your assets, use your build's output directory.
[info] 
